INFO [2024-02-07 10:56:13] Running prepare_monitoring_data.R version 1.0.0
INFO [2024-02-07 10:56:13] 
===== 2014 =====
INFO [2024-02-07 10:56:13] Processing AirNow 2014 data...
INFO [2024-02-07 10:56:17] Saving ./data/airnow_2014.rda
INFO [2024-02-07 10:56:17] Processing AIRSIS 2014 data...
WARN [2024-02-07 10:56:18] No AIRSIS data found in 2014. Any empty monitor object will be saved.
INFO [2024-02-07 10:56:18] Saving ./data/airsis_2014.rda
INFO [2024-02-07 10:56:18] Processing WRCC 2014 data...
INFO [2024-02-07 10:56:19] Saving ./data/wrcc_2014.rda
INFO [2024-02-07 10:56:19] 
===== 2015 =====
INFO [2024-02-07 10:56:19] Processing AirNow 2015 data...
INFO [2024-02-07 10:56:22] Saving ./data/airnow_2015.rda
INFO [2024-02-07 10:56:22] Processing AIRSIS 2015 data...
WARN [2024-02-07 10:56:23] No AIRSIS data found in 2015. Any empty monitor object will be saved.
INFO [2024-02-07 10:56:23] Saving ./data/airsis_2015.rda
INFO [2024-02-07 10:56:23] Processing WRCC 2015 data...
INFO [2024-02-07 10:56:24] Saving ./data/wrcc_2015.rda
INFO [2024-02-07 10:56:24] 
===== 2016 =====
INFO [2024-02-07 10:56:24] Processing AirNow 2016 data...
INFO [2024-02-07 10:56:27] Saving ./data/airnow_2016.rda
INFO [2024-02-07 10:56:27] Processing AIRSIS 2016 data...
WARN [2024-02-07 10:56:28] No AIRSIS data found in 2016. Any empty monitor object will be saved.
INFO [2024-02-07 10:56:28] Saving ./data/airsis_2016.rda
INFO [2024-02-07 10:56:28] Processing WRCC 2016 data...
WARN [2024-02-07 10:56:30] No WRCC data found in 2016. Any empty monitor object will be saved.
INFO [2024-02-07 10:56:30] Saving ./data/wrcc_2016.rda
INFO [2024-02-07 10:56:30] 
===== 2017 =====
INFO [2024-02-07 10:56:30] Processing AirNow 2017 data...
INFO [2024-02-07 10:56:34] Saving ./data/airnow_2017.rda
INFO [2024-02-07 10:56:34] Processing AIRSIS 2017 data...
WARN [2024-02-07 10:56:34] No AIRSIS data found in 2017. Any empty monitor object will be saved.
INFO [2024-02-07 10:56:34] Saving ./data/airsis_2017.rda
INFO [2024-02-07 10:56:34] Processing WRCC 2017 data...
INFO [2024-02-07 10:56:35] Saving ./data/wrcc_2017.rda
INFO [2024-02-07 10:56:35] 
===== 2018 =====
INFO [2024-02-07 10:56:35] Processing AirNow 2018 data...
INFO [2024-02-07 10:56:43] Saving ./data/airnow_2018.rda
INFO [2024-02-07 10:56:43] Processing AIRSIS 2018 data...
INFO [2024-02-07 10:56:44] Saving ./data/airsis_2018.rda
INFO [2024-02-07 10:56:44] Processing WRCC 2018 data...
INFO [2024-02-07 10:56:46] Saving ./data/wrcc_2018.rda
INFO [2024-02-07 10:56:46] 
===== 2019 =====
INFO [2024-02-07 10:56:46] Processing AirNow 2019 data...
INFO [2024-02-07 10:56:48] Saving ./data/airnow_2019.rda
INFO [2024-02-07 10:56:48] Processing AIRSIS 2019 data...
WARN [2024-02-07 10:56:49] No AIRSIS data found in 2019. Any empty monitor object will be saved.
INFO [2024-02-07 10:56:49] Saving ./data/airsis_2019.rda
INFO [2024-02-07 10:56:49] Processing WRCC 2019 data...
INFO [2024-02-07 10:56:50] Saving ./data/wrcc_2019.rda
INFO [2024-02-07 10:56:50] 
===== 2020 =====
INFO [2024-02-07 10:56:50] Processing AirNow 2020 data...
INFO [2024-02-07 10:56:55] Saving ./data/airnow_2020.rda
INFO [2024-02-07 10:56:55] Processing AIRSIS 2020 data...
WARN [2024-02-07 10:56:56] No AIRSIS data found in 2020. Any empty monitor object will be saved.
INFO [2024-02-07 10:56:56] Saving ./data/airsis_2020.rda
INFO [2024-02-07 10:56:56] Processing WRCC 2020 data...
WARN [2024-02-07 10:56:57] No WRCC data found in 2020. Any empty monitor object will be saved.
INFO [2024-02-07 10:56:57] Saving ./data/wrcc_2020.rda
INFO [2024-02-07 10:56:57] 
===== 2021 =====
INFO [2024-02-07 10:56:57] Processing AirNow 2021 data...
INFO [2024-02-07 10:57:01] Saving ./data/airnow_2021.rda
INFO [2024-02-07 10:57:01] Processing AIRSIS 2021 data...
WARN [2024-02-07 10:57:02] No AIRSIS data found in 2021. Any empty monitor object will be saved.
INFO [2024-02-07 10:57:02] Saving ./data/airsis_2021.rda
INFO [2024-02-07 10:57:02] Processing WRCC 2021 data...
INFO [2024-02-07 10:57:03] Saving ./data/wrcc_2021.rda
INFO [2024-02-07 10:57:03] 
===== 2022 =====
INFO [2024-02-07 10:57:03] Processing AirNow 2022 data...
INFO [2024-02-07 10:57:12] Saving ./data/airnow_2022.rda
INFO [2024-02-07 10:57:12] Processing AIRSIS 2022 data...
WARN [2024-02-07 10:57:13] No AIRSIS data found in 2022. Any empty monitor object will be saved.
INFO [2024-02-07 10:57:13] Saving ./data/airsis_2022.rda
INFO [2024-02-07 10:57:13] Processing WRCC 2022 data...
INFO [2024-02-07 10:57:14] Saving ./data/wrcc_2022.rda
INFO [2024-02-07 10:57:14] 
===== 2023 =====
INFO [2024-02-07 10:57:14] Processing AirNow 2023 data...
INFO [2024-02-07 10:57:18] Saving ./data/airnow_2023.rda
INFO [2024-02-07 10:57:18] Processing AIRSIS 2023 data...
WARN [2024-02-07 10:57:19] No AIRSIS data found in 2023. Any empty monitor object will be saved.
INFO [2024-02-07 10:57:19] Saving ./data/airsis_2023.rda
INFO [2024-02-07 10:57:19] Processing WRCC 2023 data...
WARN [2024-02-07 10:57:20] No WRCC data found in 2023. Any empty monitor object will be saved.
INFO [2024-02-07 10:57:20] Saving ./data/wrcc_2023.rda
