INFO [2024-02-07 09:38:39] Running prepare_monitoring_data.R version 1.0.0
DEBUG [2024-02-07 09:38:39] R version 4.2.2 (2022-10-31)
DEBUG [2024-02-07 09:38:39] Platform: x86_64-apple-darwin17.0 (64-bit)
DEBUG [2024-02-07 09:38:39] Running under: macOS Ventura 13.6.3
DEBUG [2024-02-07 09:38:39] 
DEBUG [2024-02-07 09:38:39] Matrix products: default
DEBUG [2024-02-07 09:38:39] LAPACK: /Library/Frameworks/R.framework/Versions/4.2/Resources/lib/libRlapack.dylib
DEBUG [2024-02-07 09:38:39] 
DEBUG [2024-02-07 09:38:39] locale:
DEBUG [2024-02-07 09:38:39] [1] en_US.UTF-8/en_US.UTF-8/en_US.UTF-8/C/en_US.UTF-8/en_US.UTF-8
DEBUG [2024-02-07 09:38:39] 
DEBUG [2024-02-07 09:38:39] attached base packages:
DEBUG [2024-02-07 09:38:39] [1] stats     graphics  grDevices utils     datasets  methods   base     
DEBUG [2024-02-07 09:38:39] 
DEBUG [2024-02-07 09:38:39] other attached packages:
DEBUG [2024-02-07 09:38:39] [1] MazamaSpatialUtils_0.8.6 sf_1.0-12                MazamaCoreUtils_0.5.1    AirMonitor_0.3.12       
DEBUG [2024-02-07 09:38:39] 
DEBUG [2024-02-07 09:38:39] loaded via a namespace (and not attached):
DEBUG [2024-02-07 09:38:39]  [1] Rcpp_1.0.10             pillar_1.9.0            compiler_4.2.2          formatR_1.14            futile.logger_1.4.3     futile.options_1.0.1   
DEBUG [2024-02-07 09:38:39]  [7] MazamaRollUtils_0.1.3   MazamaTimeSeries_0.2.15 class_7.3-21            tools_4.2.2             pkgload_1.3.2           lubridate_1.9.2        
DEBUG [2024-02-07 09:38:39] [13] lifecycle_1.0.3         tibble_3.2.1            timechange_0.2.0        pkgconfig_2.0.3         rlang_1.1.0             cli_3.6.1              
DEBUG [2024-02-07 09:38:39] [19] DBI_1.1.3               rstudioapi_0.14         e1071_1.7-13            s2_1.1.2                withr_2.5.0             dplyr_1.1.1            
DEBUG [2024-02-07 09:38:39] [25] stringr_1.5.0           generics_0.1.3          vctrs_0.6.5             grid_4.2.2              classInt_0.4-9          tidyselect_1.2.0       
DEBUG [2024-02-07 09:38:39] [31] glue_1.6.2              R6_2.5.1                fansi_1.0.4             lambda.r_1.2.4          magrittr_2.0.3          units_0.8-1            
DEBUG [2024-02-07 09:38:39] [37] geodist_0.0.8           KernSmooth_2.23-20      utf8_1.2.3              stringi_1.7.12          proxy_0.4-27            wk_0.7.2               
INFO [2024-02-07 09:38:39] 
===== 2014 =====
INFO [2024-02-07 09:38:39] Processing AirNow 2014 data...
INFO [2024-02-07 09:38:43] Saving ./data/airnow_2014.rda
INFO [2024-02-07 09:38:43] Processing AIRSIS 2014 data...
WARN [2024-02-07 09:38:44] No data found. Any empty monitor object will be saved.
INFO [2024-02-07 09:38:44] Saving ./data/airsis_2014.rda
INFO [2024-02-07 09:38:44] Processing WRCC 2014 data...
INFO [2024-02-07 09:38:45] Saving ./data/wrcc_2014.rda
INFO [2024-02-07 09:38:45] 
===== 2015 =====
INFO [2024-02-07 09:38:45] Processing AirNow 2015 data...
INFO [2024-02-07 09:38:47] Saving ./data/airnow_2015.rda
INFO [2024-02-07 09:38:47] Processing AIRSIS 2015 data...
WARN [2024-02-07 09:38:47] No data found. Any empty monitor object will be saved.
INFO [2024-02-07 09:38:47] Saving ./data/airsis_2015.rda
INFO [2024-02-07 09:38:47] Processing WRCC 2015 data...
INFO [2024-02-07 09:38:48] Saving ./data/wrcc_2015.rda
INFO [2024-02-07 09:38:48] 
===== 2016 =====
INFO [2024-02-07 09:38:48] Processing AirNow 2016 data...
INFO [2024-02-07 09:38:51] Saving ./data/airnow_2016.rda
INFO [2024-02-07 09:38:51] Processing AIRSIS 2016 data...
WARN [2024-02-07 09:38:52] No data found. Any empty monitor object will be saved.
INFO [2024-02-07 09:38:52] Saving ./data/airsis_2016.rda
INFO [2024-02-07 09:38:52] Processing WRCC 2016 data...
WARN [2024-02-07 09:38:53] No data found. Any empty monitor object will be saved.
INFO [2024-02-07 09:38:53] Saving ./data/wrcc_2016.rda
INFO [2024-02-07 09:38:53] 
===== 2017 =====
INFO [2024-02-07 09:38:53] Processing AirNow 2017 data...
INFO [2024-02-07 09:38:58] Saving ./data/airnow_2017.rda
INFO [2024-02-07 09:38:58] Processing AIRSIS 2017 data...
WARN [2024-02-07 09:38:59] No data found. Any empty monitor object will be saved.
INFO [2024-02-07 09:38:59] Saving ./data/airsis_2017.rda
INFO [2024-02-07 09:38:59] Processing WRCC 2017 data...
INFO [2024-02-07 09:39:00] Saving ./data/wrcc_2017.rda
INFO [2024-02-07 09:39:00] 
===== 2018 =====
INFO [2024-02-07 09:39:00] Processing AirNow 2018 data...
INFO [2024-02-07 09:39:04] Saving ./data/airnow_2018.rda
INFO [2024-02-07 09:39:04] Processing AIRSIS 2018 data...
INFO [2024-02-07 09:39:05] Saving ./data/airsis_2018.rda
INFO [2024-02-07 09:39:05] Processing WRCC 2018 data...
INFO [2024-02-07 09:39:06] Saving ./data/wrcc_2018.rda
INFO [2024-02-07 09:39:06] 
===== 2019 =====
INFO [2024-02-07 09:39:06] Processing AirNow 2019 data...
INFO [2024-02-07 09:39:13] Saving ./data/airnow_2019.rda
INFO [2024-02-07 09:39:13] Processing AIRSIS 2019 data...
WARN [2024-02-07 09:39:14] No data found. Any empty monitor object will be saved.
INFO [2024-02-07 09:39:14] Saving ./data/airsis_2019.rda
INFO [2024-02-07 09:39:14] Processing WRCC 2019 data...
INFO [2024-02-07 09:39:15] Saving ./data/wrcc_2019.rda
INFO [2024-02-07 09:39:15] 
===== 2020 =====
INFO [2024-02-07 09:39:15] Processing AirNow 2020 data...
INFO [2024-02-07 09:39:19] Saving ./data/airnow_2020.rda
INFO [2024-02-07 09:39:19] Processing AIRSIS 2020 data...
WARN [2024-02-07 09:39:20] No data found. Any empty monitor object will be saved.
INFO [2024-02-07 09:39:20] Saving ./data/airsis_2020.rda
INFO [2024-02-07 09:39:20] Processing WRCC 2020 data...
WARN [2024-02-07 09:39:21] No data found. Any empty monitor object will be saved.
INFO [2024-02-07 09:39:21] Saving ./data/wrcc_2020.rda
INFO [2024-02-07 09:39:21] 
===== 2021 =====
INFO [2024-02-07 09:39:21] Processing AirNow 2021 data...
INFO [2024-02-07 09:39:23] Saving ./data/airnow_2021.rda
INFO [2024-02-07 09:39:23] Processing AIRSIS 2021 data...
WARN [2024-02-07 09:39:24] No data found. Any empty monitor object will be saved.
INFO [2024-02-07 09:39:24] Saving ./data/airsis_2021.rda
INFO [2024-02-07 09:39:24] Processing WRCC 2021 data...
INFO [2024-02-07 09:39:25] Saving ./data/wrcc_2021.rda
INFO [2024-02-07 09:39:25] 
===== 2022 =====
INFO [2024-02-07 09:39:25] Processing AirNow 2022 data...
INFO [2024-02-07 09:39:29] Saving ./data/airnow_2022.rda
INFO [2024-02-07 09:39:29] Processing AIRSIS 2022 data...
WARN [2024-02-07 09:39:30] No data found. Any empty monitor object will be saved.
INFO [2024-02-07 09:39:30] Saving ./data/airsis_2022.rda
INFO [2024-02-07 09:39:30] Processing WRCC 2022 data...
INFO [2024-02-07 09:39:32] Saving ./data/wrcc_2022.rda
INFO [2024-02-07 09:39:32] 
===== 2023 =====
INFO [2024-02-07 09:39:32] Processing AirNow 2023 data...
INFO [2024-02-07 09:39:40] Saving ./data/airnow_2023.rda
INFO [2024-02-07 09:39:40] Processing AIRSIS 2023 data...
WARN [2024-02-07 09:39:41] No data found. Any empty monitor object will be saved.
INFO [2024-02-07 09:39:41] Saving ./data/airsis_2023.rda
INFO [2024-02-07 09:39:41] Processing WRCC 2023 data...
WARN [2024-02-07 09:39:42] No data found. Any empty monitor object will be saved.
INFO [2024-02-07 09:39:42] Saving ./data/wrcc_2023.rda
